# JRE version: OpenJDK Runtime Environment (8.0_74-b02) (build 1.8.0_74-b02)
# Java VM: OpenJDK 64-Bit Server VM (25.74-b02 mixed mode linux-amd64 compressed oops)
Heap:
 PSYoungGen      total 68608K, used 5095K [0x00000000d6d80000, 0x00000000db580000, 0x0000000100000000)
  eden space 63488K, 0% used [0x00000000d6d80000,0x00000000d6d80000,0x00000000dab80000)
  from space 5120K, 99% used [0x00000000dab80000,0x00000000db079d00,0x00000000db080000)
  to   space 5120K, 0% used [0x00000000db080000,0x00000000db080000,0x00000000db580000)
 ParOldGen       total 84992K, used 4138K [0x0000000084800000, 0x0000000089b00000, 0x00000000d6d80000)
  object space 84992K, 4% used [0x0000000084800000,0x0000000084c0aa08,0x0000000089b00000)
 Metaspace       used 19758K, capacity 19854K, committed 19968K, reserved 1067008K
  class space    used 2681K, capacity 2709K, committed 2816K, reserved 1048576K
GC Heap History (5 events):
Event: 0,636 GC heap before
{Heap before GC invocations=1 (full 0):
 PSYoungGen      total 36864K, used 31744K [0x00000000d6d80000, 0x00000000d9680000, 0x0000000100000000)
  eden space 31744K, 100% used [0x00000000d6d80000,0x00000000d8c80000,0x00000000d8c80000)
  from space 5120K, 0% used [0x00000000d9180000,0x00000000d9180000,0x00000000d9680000)
  to   space 5120K, 0% used [0x00000000d8c80000,0x00000000d8c80000,0x00000000d9180000)
 ParOldGen       total 84992K, used 0K [0x0000000084800000, 0x0000000089b00000, 0x00000000d6d80000)
  object space 84992K, 0% used [0x0000000084800000,0x0000000084800000,0x0000000089b00000)
 Metaspace       used 7553K, capacity 8030K, committed 8064K, reserved 1056768K
  class space    used 1099K, capacity 1141K, committed 1152K, reserved 1048576K
Event: 0,660 GC heap after
Heap after GC invocations=1 (full 0):
 PSYoungGen      total 36864K, used 4514K [0x00000000d6d80000, 0x00000000db580000, 0x0000000100000000)
  eden space 31744K, 0% used [0x00000000d6d80000,0x00000000d6d80000,0x00000000d8c80000)
  from space 5120K, 88% used [0x00000000d8c80000,0x00000000d90e88d0,0x00000000d9180000)
  to   space 5120K, 0% used [0x00000000db080000,0x00000000db080000,0x00000000db580000)
 ParOldGen       total 84992K, used 8K [0x0000000084800000, 0x0000000089b00000, 0x00000000d6d80000)
  object space 84992K, 0% used [0x0000000084800000,0x0000000084802000,0x0000000089b00000)
 Metaspace       used 7553K, capacity 8030K, committed 8064K, reserved 1056768K
  class space    used 1099K, capacity 1141K, committed 1152K, reserved 1048576K
}
Event: 0,894 GC heap before
{Heap before GC invocations=2 (full 0):
 PSYoungGen      total 36864K, used 36258K [0x00000000d6d80000, 0x00000000db580000, 0x0000000100000000)
  eden space 31744K, 100% used [0x00000000d6d80000,0x00000000d8c80000,0x00000000d8c80000)
  from space 5120K, 88% used [0x00000000d8c80000,0x00000000d90e88d0,0x00000000d9180000)
  to   space 5120K, 0% used [0x00000000db080000,0x00000000db080000,0x00000000db580000)
 ParOldGen       total 84992K, used 8K [0x0000000084800000, 0x0000000089b00000, 0x00000000d6d80000)
  object space 84992K, 0% used [0x0000000084800000,0x0000000084802000,0x0000000089b00000)
 Metaspace       used 9617K, capacity 10014K, committed 10240K, reserved 1058816K
  class space    used 1420K, capacity 1461K, committed 1536K, reserved 1048576K
Event: 0,897 GC heap after
Heap after GC invocations=2 (full 0):
 PSYoungGen      total 68608K, used 3927K [0x00000000d6d80000, 0x00000000db580000, 0x0000000100000000)
  eden space 63488K, 0% used [0x00000000d6d80000,0x00000000d6d80000,0x00000000dab80000)
  from space 5120K, 76% used [0x00000000db080000,0x00000000db455c80,0x00000000db580000)
  to   space 5120K, 0% used [0x00000000dab80000,0x00000000dab80000,0x00000000db080000)
 ParOldGen       total 84992K, used 16K [0x0000000084800000, 0x0000000089b00000, 0x00000000d6d80000)
  object space 84992K, 0% used [0x0000000084800000,0x0000000084804000,0x0000000089b00000)
 Metaspace       used 9617K, capacity 10014K, committed 10240K, reserved 1058816K
  class space    used 1420K, capacity 1461K, committed 1536K, reserved 1048576K
}
Event: 1,955 GC heap before
{Heap before GC invocations=3 (full 0):
 PSYoungGen      total 68608K, used 67415K [0x00000000d6d80000, 0x00000000db580000, 0x0000000100000000)
  eden space 63488K, 100% used [0x00000000d6d80000,0x00000000dab80000,0x00000000dab80000)
  from space 5120K, 76% used [0x00000000db080000,0x00000000db455c80,0x00000000db580000)
  to   space 5120K, 0% used [0x00000000dab80000,0x00000000dab80000,0x00000000db080000)
 ParOldGen       total 84992K, used 16K [0x0000000084800000, 0x0000000089b00000, 0x00000000d6d80000)
  object space 84992K, 0% used [0x0000000084800000,0x0000000084804000,0x0000000089b00000)
 Metaspace       used 19758K, capacity 19854K, committed 19968K, reserved 1067008K
  class space    used 2681K, capacity 2709K, committed 2816K, reserved 1048576K

