# JRE version: OpenJDK Runtime Environment (8.0_74-b02) (build 1.8.0_74-b02)
# Java VM: OpenJDK 64-Bit Server VM (25.74-b02 mixed mode linux-amd64 compressed oops)
Heap:
 PSYoungGen      total 132096K, used 5093K [0x00000000d6d80000, 0x00000000df380000, 0x0000000100000000)
  eden space 126976K, 0% used [0x00000000d6d80000,0x00000000d6d80000,0x00000000de980000)
  from space 5120K, 99% used [0x00000000de980000,0x00000000dee797d8,0x00000000dee80000)
  to   space 5120K, 0% used [0x00000000dee80000,0x00000000dee80000,0x00000000df380000)
 ParOldGen       total 48128K, used 8975K [0x0000000084800000, 0x0000000087700000, 0x00000000d6d80000)
  object space 48128K, 18% used [0x0000000084800000,0x00000000850c3c10,0x0000000087700000)
 Metaspace       used 31023K, capacity 31174K, committed 31360K, reserved 1077248K
  class space    used 4357K, capacity 4409K, committed 4480K, reserved 1048576K
GC Heap History (10 events):
Event: 0,627 GC heap after
Heap after GC invocations=1 (full 0):
 PSYoungGen      total 36864K, used 4564K [0x00000000d6d80000, 0x00000000db580000, 0x0000000100000000)
  eden space 31744K, 0% used [0x00000000d6d80000,0x00000000d6d80000,0x00000000d8c80000)
  from space 5120K, 89% used [0x00000000d8c80000,0x00000000d90f5068,0x00000000d9180000)
  to   space 5120K, 0% used [0x00000000db080000,0x00000000db080000,0x00000000db580000)
 ParOldGen       total 84992K, used 8K [0x0000000084800000, 0x0000000089b00000, 0x00000000d6d80000)
  object space 84992K, 0% used [0x0000000084800000,0x0000000084802000,0x0000000089b00000)
 Metaspace       used 7548K, capacity 8030K, committed 8064K, reserved 1056768K
  class space    used 1098K, capacity 1141K, committed 1152K, reserved 1048576K
}
Event: 0,852 GC heap before
{Heap before GC invocations=2 (full 0):
 PSYoungGen      total 36864K, used 36308K [0x00000000d6d80000, 0x00000000db580000, 0x0000000100000000)
  eden space 31744K, 100% used [0x00000000d6d80000,0x00000000d8c80000,0x00000000d8c80000)
  from space 5120K, 89% used [0x00000000d8c80000,0x00000000d90f5068,0x00000000d9180000)
  to   space 5120K, 0% used [0x00000000db080000,0x00000000db080000,0x00000000db580000)
 ParOldGen       total 84992K, used 8K [0x0000000084800000, 0x0000000089b00000, 0x00000000d6d80000)
  object space 84992K, 0% used [0x0000000084800000,0x0000000084802000,0x0000000089b00000)
 Metaspace       used 9614K, capacity 10014K, committed 10240K, reserved 1058816K
  class space    used 1417K, capacity 1461K, committed 1536K, reserved 1048576K
Event: 0,856 GC heap after
Heap after GC invocations=2 (full 0):
 PSYoungGen      total 68608K, used 3875K [0x00000000d6d80000, 0x00000000db580000, 0x0000000100000000)
  eden space 63488K, 0% used [0x00000000d6d80000,0x00000000d6d80000,0x00000000dab80000)
  from space 5120K, 75% used [0x00000000db080000,0x00000000db448e10,0x00000000db580000)
  to   space 5120K, 0% used [0x00000000dab80000,0x00000000dab80000,0x00000000db080000)
 ParOldGen       total 84992K, used 16K [0x0000000084800000, 0x0000000089b00000, 0x00000000d6d80000)
  object space 84992K, 0% used [0x0000000084800000,0x0000000084804000,0x0000000089b00000)
 Metaspace       used 9614K, capacity 10014K, committed 10240K, reserved 1058816K
  class space    used 1417K, capacity 1461K, committed 1536K, reserved 1048576K
}
Event: 1,882 GC heap before
{Heap before GC invocations=3 (full 0):
 PSYoungGen      total 68608K, used 67363K [0x00000000d6d80000, 0x00000000db580000, 0x0000000100000000)
  eden space 63488K, 100% used [0x00000000d6d80000,0x00000000dab80000,0x00000000dab80000)
  from space 5120K, 75% used [0x00000000db080000,0x00000000db448e10,0x00000000db580000)
  to   space 5120K, 0% used [0x00000000dab80000,0x00000000dab80000,0x00000000db080000)
 ParOldGen       total 84992K, used 16K [0x0000000084800000, 0x0000000089b00000, 0x00000000d6d80000)
  object space 84992K, 0% used [0x0000000084800000,0x0000000084804000,0x0000000089b00000)
 Metaspace       used 19485K, capacity 19630K, committed 19840K, reserved 1067008K
  class space    used 2649K, capacity 2677K, committed 2688K, reserved 1048576K
Event: 1,902 GC heap after
Heap after GC invocations=3 (full 0):
 PSYoungGen      total 68608K, used 5113K [0x00000000d6d80000, 0x00000000df380000, 0x0000000100000000)
  eden space 63488K, 0% used [0x00000000d6d80000,0x00000000d6d80000,0x00000000dab80000)
  from space 5120K, 99% used [0x00000000dab80000,0x00000000db07e510,0x00000000db080000)
  to   space 5120K, 0% used [0x00000000dee80000,0x00000000dee80000,0x00000000df380000)
 ParOldGen       total 84992K, used 3933K [0x0000000084800000, 0x0000000089b00000, 0x00000000d6d80000)
  object space 84992K, 4% used [0x0000000084800000,0x0000000084bd7550,0x0000000089b00000)
 Metaspace       used 19485K, capacity 19630K, committed 19840K, reserved 1067008K
  class space    used 2649K, capacity 2677K, committed 2688K, reserved 1048576K
}
Event: 2,039 GC heap before
{Heap before GC invocations=4 (full 0):
 PSYoungGen      total 68608K, used 18384K [0x00000000d6d80000, 0x00000000df380000, 0x0000000100000000)
  eden space 63488K, 20% used [0x00000000d6d80000,0x00000000d7a75e60,0x00000000dab80000)
  from space 5120K, 99% used [0x00000000dab80000,0x00000000db07e510,0x00000000db080000)
  to   space 5120K, 0% used [0x00000000dee80000,0x00000000dee80000,0x00000000df380000)
 ParOldGen       total 84992K, used 3933K [0x0000000084800000, 0x0000000089b00000, 0x00000000d6d80000)
  object space 84992K, 4% used [0x0000000084800000,0x0000000084bd7550,0x0000000089b00000)
 Metaspace       used 21089K, capacity 21198K, committed 21296K, reserved 1067008K
  class space    used 2845K, capacity 2901K, committed 2944K, reserved 1048576K
Event: 2,051 GC heap after
Heap after GC invocations=4 (full 0):
 PSYoungGen      total 132096K, used 5098K [0x00000000d6d80000, 0x00000000df380000, 0x0000000100000000)
  eden space 126976K, 0% used [0x00000000d6d80000,0x00000000d6d80000,0x00000000de980000)
  from space 5120K, 99% used [0x00000000dee80000,0x00000000df37a900,0x00000000df380000)
  to   space 5120K, 0% used [0x00000000de980000,0x00000000de980000,0x00000000dee80000)
 ParOldGen       total 84992K, used 3941K [0x0000000084800000, 0x0000000089b00000, 0x00000000d6d80000)
  object space 84992K, 4% used [0x0000000084800000,0x0000000084bd9550,0x0000000089b00000)
 Metaspace       used 21089K, capacity 21198K, committed 21296K, reserved 1067008K
  class space    used 2845K, capacity 2901K, committed 2944K, reserved 1048576K
}
Event: 2,051 GC heap before
{Heap before GC invocations=5 (full 1):
 PSYoungGen      total 132096K, used 5098K [0x00000000d6d80000, 0x00000000df380000, 0x0000000100000000)
  eden space 126976K, 0% used [0x00000000d6d80000,0x00000000d6d80000,0x00000000de980000)
  from space 5120K, 99% used [0x00000000dee80000,0x00000000df37a900,0x00000000df380000)
  to   space 5120K, 0% used [0x00000000de980000,0x00000000de980000,0x00000000dee80000)
 ParOldGen       total 84992K, used 3941K [0x0000000084800000, 0x0000000089b00000, 0x00000000d6d80000)
  object space 84992K, 4% used [0x0000000084800000,0x0000000084bd9550,0x0000000089b00000)
 Metaspace       used 21089K, capacity 21198K, committed 21296K, reserved 1067008K
  class space    used 2845K, capacity 2901K, committed 2944K, reserved 1048576K
Event: 2,073 GC heap after
Heap after GC invocations=5 (full 1):
 PSYoungGen      total 132096K, used 0K [0x00000000d6d80000, 0x00000000df380000, 0x0000000100000000)
  eden space 126976K, 0% used [0x00000000d6d80000,0x00000000d6d80000,0x00000000de980000)
  from space 5120K, 0% used [0x00000000dee80000,0x00000000dee80000,0x00000000df380000)
  to   space 5120K, 0% used [0x00000000de980000,0x00000000de980000,0x00000000dee80000)
 ParOldGen       total 48128K, used 4919K [0x0000000084800000, 0x0000000087700000, 0x00000000d6d80000)
  object space 48128K, 10% used [0x0000000084800000,0x0000000084ccdce0,0x0000000087700000)
 Metaspace       used 21089K, capacity 21198K, committed 21296K, reserved 1067008K
  class space    used 2845K, capacity 2901K, committed 2944K, reserved 1048576K
}
Event: 3,830 GC heap before
{Heap before GC invocations=6 (full 1):
 PSYoungGen      total 132096K, used 126976K [0x00000000d6d80000, 0x00000000df380000, 0x0000000100000000)
  eden space 126976K, 100% used [0x00000000d6d80000,0x00000000de980000,0x00000000de980000)
  from space 5120K, 0% used [0x00000000dee80000,0x00000000dee80000,0x00000000df380000)
  to   space 5120K, 0% used [0x00000000de980000,0x00000000de980000,0x00000000dee80000)
 ParOldGen       total 48128K, used 4919K [0x0000000084800000, 0x0000000087700000, 0x00000000d6d80000)
  object space 48128K, 10% used [0x0000000084800000,0x0000000084ccdce0,0x0000000087700000)
 Metaspace       used 31023K, capacity 31174K, committed 31360K, reserved 1077248K
  class space    used 4357K, capacity 4409K, committed 4480K, reserved 1048576K

