# JRE version: OpenJDK Runtime Environment (8.0_74-b02) (build 1.8.0_74-b02)
# Java VM: OpenJDK 64-Bit Server VM (25.74-b02 mixed mode linux-amd64 compressed oops)
Heap:
 PSYoungGen      total 132096K, used 5101K [0x00000000d6d80000, 0x00000000df380000, 0x0000000100000000)
  eden space 126976K, 0% used [0x00000000d6d80000,0x00000000d6d80000,0x00000000de980000)
  from space 5120K, 99% used [0x00000000de980000,0x00000000dee7b478,0x00000000dee80000)
  to   space 5120K, 0% used [0x00000000dee80000,0x00000000dee80000,0x00000000df380000)
 ParOldGen       total 52224K, used 9260K [0x0000000084800000, 0x0000000087b00000, 0x00000000d6d80000)
  object space 52224K, 17% used [0x0000000084800000,0x000000008510b3e0,0x0000000087b00000)
 Metaspace       used 30857K, capacity 31028K, committed 31232K, reserved 1077248K
  class space    used 4303K, capacity 4342K, committed 4352K, reserved 1048576K
GC Heap History (10 events):
Event: 0,434 GC heap after
Heap after GC invocations=1 (full 0):
 PSYoungGen      total 36864K, used 4535K [0x00000000d6d80000, 0x00000000db580000, 0x0000000100000000)
  eden space 31744K, 0% used [0x00000000d6d80000,0x00000000d6d80000,0x00000000d8c80000)
  from space 5120K, 88% used [0x00000000d8c80000,0x00000000d90edf90,0x00000000d9180000)
  to   space 5120K, 0% used [0x00000000db080000,0x00000000db080000,0x00000000db580000)
 ParOldGen       total 84992K, used 8K [0x0000000084800000, 0x0000000089b00000, 0x00000000d6d80000)
  object space 84992K, 0% used [0x0000000084800000,0x0000000084802000,0x0000000089b00000)
 Metaspace       used 7545K, capacity 8030K, committed 8064K, reserved 1056768K
  class space    used 1098K, capacity 1141K, committed 1152K, reserved 1048576K
}
Event: 0,600 GC heap before
{Heap before GC invocations=2 (full 0):
 PSYoungGen      total 36864K, used 36279K [0x00000000d6d80000, 0x00000000db580000, 0x0000000100000000)
  eden space 31744K, 100% used [0x00000000d6d80000,0x00000000d8c80000,0x00000000d8c80000)
  from space 5120K, 88% used [0x00000000d8c80000,0x00000000d90edf90,0x00000000d9180000)
  to   space 5120K, 0% used [0x00000000db080000,0x00000000db080000,0x00000000db580000)
 ParOldGen       total 84992K, used 8K [0x0000000084800000, 0x0000000089b00000, 0x00000000d6d80000)
  object space 84992K, 0% used [0x0000000084800000,0x0000000084802000,0x0000000089b00000)
 Metaspace       used 9601K, capacity 10014K, committed 10240K, reserved 1058816K
  class space    used 1418K, capacity 1461K, committed 1536K, reserved 1048576K
Event: 0,607 GC heap after
Heap after GC invocations=2 (full 0):
 PSYoungGen      total 68608K, used 3936K [0x00000000d6d80000, 0x00000000db580000, 0x0000000100000000)
  eden space 63488K, 0% used [0x00000000d6d80000,0x00000000d6d80000,0x00000000dab80000)
  from space 5120K, 76% used [0x00000000db080000,0x00000000db458270,0x00000000db580000)
  to   space 5120K, 0% used [0x00000000dab80000,0x00000000dab80000,0x00000000db080000)
 ParOldGen       total 84992K, used 16K [0x0000000084800000, 0x0000000089b00000, 0x00000000d6d80000)
  object space 84992K, 0% used [0x0000000084800000,0x0000000084804000,0x0000000089b00000)
 Metaspace       used 9601K, capacity 10014K, committed 10240K, reserved 1058816K
  class space    used 1418K, capacity 1461K, committed 1536K, reserved 1048576K
}
Event: 1,471 GC heap before
{Heap before GC invocations=3 (full 0):
 PSYoungGen      total 68608K, used 67424K [0x00000000d6d80000, 0x00000000db580000, 0x0000000100000000)
  eden space 63488K, 100% used [0x00000000d6d80000,0x00000000dab80000,0x00000000dab80000)
  from space 5120K, 76% used [0x00000000db080000,0x00000000db458270,0x00000000db580000)
  to   space 5120K, 0% used [0x00000000dab80000,0x00000000dab80000,0x00000000db080000)
 ParOldGen       total 84992K, used 16K [0x0000000084800000, 0x0000000089b00000, 0x00000000d6d80000)
  object space 84992K, 0% used [0x0000000084800000,0x0000000084804000,0x0000000089b00000)
 Metaspace       used 19650K, capacity 19790K, committed 19968K, reserved 1067008K
  class space    used 2670K, capacity 2709K, committed 2816K, reserved 1048576K
Event: 1,486 GC heap after
Heap after GC invocations=3 (full 0):
 PSYoungGen      total 68608K, used 5100K [0x00000000d6d80000, 0x00000000df380000, 0x0000000100000000)
  eden space 63488K, 0% used [0x00000000d6d80000,0x00000000d6d80000,0x00000000dab80000)
  from space 5120K, 99% used [0x00000000dab80000,0x00000000db07b1d8,0x00000000db080000)
  to   space 5120K, 0% used [0x00000000dee80000,0x00000000dee80000,0x00000000df380000)
 ParOldGen       total 84992K, used 4062K [0x0000000084800000, 0x0000000089b00000, 0x00000000d6d80000)
  object space 84992K, 4% used [0x0000000084800000,0x0000000084bf7a88,0x0000000089b00000)
 Metaspace       used 19650K, capacity 19790K, committed 19968K, reserved 1067008K
  class space    used 2670K, capacity 2709K, committed 2816K, reserved 1048576K
}
Event: 1,617 GC heap before
{Heap before GC invocations=4 (full 0):
 PSYoungGen      total 68608K, used 17582K [0x00000000d6d80000, 0x00000000df380000, 0x0000000100000000)
  eden space 63488K, 19% used [0x00000000d6d80000,0x00000000d79b08b0,0x00000000dab80000)
  from space 5120K, 99% used [0x00000000dab80000,0x00000000db07b1d8,0x00000000db080000)
  to   space 5120K, 0% used [0x00000000dee80000,0x00000000dee80000,0x00000000df380000)
 ParOldGen       total 84992K, used 4062K [0x0000000084800000, 0x0000000089b00000, 0x00000000d6d80000)
  object space 84992K, 4% used [0x0000000084800000,0x0000000084bf7a88,0x0000000089b00000)
 Metaspace       used 21087K, capacity 21198K, committed 21296K, reserved 1067008K
  class space    used 2846K, capacity 2901K, committed 2944K, reserved 1048576K
Event: 1,623 GC heap after
Heap after GC invocations=4 (full 0):
 PSYoungGen      total 132096K, used 4938K [0x00000000d6d80000, 0x00000000df380000, 0x0000000100000000)
  eden space 126976K, 0% used [0x00000000d6d80000,0x00000000d6d80000,0x00000000de980000)
  from space 5120K, 96% used [0x00000000dee80000,0x00000000df352a80,0x00000000df380000)
  to   space 5120K, 0% used [0x00000000de980000,0x00000000de980000,0x00000000dee80000)
 ParOldGen       total 84992K, used 4070K [0x0000000084800000, 0x0000000089b00000, 0x00000000d6d80000)
  object space 84992K, 4% used [0x0000000084800000,0x0000000084bf9a88,0x0000000089b00000)
 Metaspace       used 21087K, capacity 21198K, committed 21296K, reserved 1067008K
  class space    used 2846K, capacity 2901K, committed 2944K, reserved 1048576K
}
Event: 1,623 GC heap before
{Heap before GC invocations=5 (full 1):
 PSYoungGen      total 132096K, used 4938K [0x00000000d6d80000, 0x00000000df380000, 0x0000000100000000)
  eden space 126976K, 0% used [0x00000000d6d80000,0x00000000d6d80000,0x00000000de980000)
  from space 5120K, 96% used [0x00000000dee80000,0x00000000df352a80,0x00000000df380000)
  to   space 5120K, 0% used [0x00000000de980000,0x00000000de980000,0x00000000dee80000)
 ParOldGen       total 84992K, used 4070K [0x0000000084800000, 0x0000000089b00000, 0x00000000d6d80000)
  object space 84992K, 4% used [0x0000000084800000,0x0000000084bf9a88,0x0000000089b00000)
 Metaspace       used 21087K, capacity 21198K, committed 21296K, reserved 1067008K
  class space    used 2846K, capacity 2901K, committed 2944K, reserved 1048576K
Event: 1,646 GC heap after
Heap after GC invocations=5 (full 1):
 PSYoungGen      total 132096K, used 0K [0x00000000d6d80000, 0x00000000df380000, 0x0000000100000000)
  eden space 126976K, 0% used [0x00000000d6d80000,0x00000000d6d80000,0x00000000de980000)
  from space 5120K, 0% used [0x00000000dee80000,0x00000000dee80000,0x00000000df380000)
  to   space 5120K, 0% used [0x00000000de980000,0x00000000de980000,0x00000000dee80000)
 ParOldGen       total 52224K, used 5239K [0x0000000084800000, 0x0000000087b00000, 0x00000000d6d80000)
  object space 52224K, 10% used [0x0000000084800000,0x0000000084d1dd80,0x0000000087b00000)
 Metaspace       used 21087K, capacity 21198K, committed 21296K, reserved 1067008K
  class space    used 2846K, capacity 2901K, committed 2944K, reserved 1048576K
}
Event: 3,221 GC heap before
{Heap before GC invocations=6 (full 1):
 PSYoungGen      total 132096K, used 126976K [0x00000000d6d80000, 0x00000000df380000, 0x0000000100000000)
  eden space 126976K, 100% used [0x00000000d6d80000,0x00000000de980000,0x00000000de980000)
  from space 5120K, 0% used [0x00000000dee80000,0x00000000dee80000,0x00000000df380000)
  to   space 5120K, 0% used [0x00000000de980000,0x00000000de980000,0x00000000dee80000)
 ParOldGen       total 52224K, used 5239K [0x0000000084800000, 0x0000000087b00000, 0x00000000d6d80000)
  object space 52224K, 10% used [0x0000000084800000,0x0000000084d1dd80,0x0000000087b00000)
 Metaspace       used 30857K, capacity 31028K, committed 31232K, reserved 1077248K
  class space    used 4303K, capacity 4342K, committed 4352K, reserved 1048576K

