# JRE version: OpenJDK Runtime Environment (8.0_74-b02) (build 1.8.0_74-b02)
# Java VM: OpenJDK 64-Bit Server VM (25.74-b02 mixed mode linux-amd64 compressed oops)
Heap:
 PSYoungGen      total 132096K, used 5104K [0x00000000d6d80000, 0x00000000df380000, 0x0000000100000000)
  eden space 126976K, 0% used [0x00000000d6d80000,0x00000000d6d80000,0x00000000de980000)
  from space 5120K, 99% used [0x00000000de980000,0x00000000dee7c270,0x00000000dee80000)
  to   space 5120K, 0% used [0x00000000dee80000,0x00000000dee80000,0x00000000df380000)
 ParOldGen       total 53760K, used 9476K [0x0000000084800000, 0x0000000087c80000, 0x00000000d6d80000)
  object space 53760K, 17% used [0x0000000084800000,0x0000000085141040,0x0000000087c80000)
 Metaspace       used 31043K, capacity 31174K, committed 31360K, reserved 1077248K
  class space    used 4358K, capacity 4409K, committed 4480K, reserved 1048576K
GC Heap History (10 events):
Event: 0,571 GC heap after
Heap after GC invocations=1 (full 0):
 PSYoungGen      total 36864K, used 4476K [0x00000000d6d80000, 0x00000000db580000, 0x0000000100000000)
  eden space 31744K, 0% used [0x00000000d6d80000,0x00000000d6d80000,0x00000000d8c80000)
  from space 5120K, 87% used [0x00000000d8c80000,0x00000000d90df1b8,0x00000000d9180000)
  to   space 5120K, 0% used [0x00000000db080000,0x00000000db080000,0x00000000db580000)
 ParOldGen       total 84992K, used 8K [0x0000000084800000, 0x0000000089b00000, 0x00000000d6d80000)
  object space 84992K, 0% used [0x0000000084800000,0x0000000084802000,0x0000000089b00000)
 Metaspace       used 7548K, capacity 8030K, committed 8064K, reserved 1056768K
  class space    used 1099K, capacity 1141K, committed 1152K, reserved 1048576K
}
Event: 0,790 GC heap before
{Heap before GC invocations=2 (full 0):
 PSYoungGen      total 36864K, used 36220K [0x00000000d6d80000, 0x00000000db580000, 0x0000000100000000)
  eden space 31744K, 100% used [0x00000000d6d80000,0x00000000d8c80000,0x00000000d8c80000)
  from space 5120K, 87% used [0x00000000d8c80000,0x00000000d90df1b8,0x00000000d9180000)
  to   space 5120K, 0% used [0x00000000db080000,0x00000000db080000,0x00000000db580000)
 ParOldGen       total 84992K, used 8K [0x0000000084800000, 0x0000000089b00000, 0x00000000d6d80000)
  object space 84992K, 0% used [0x0000000084800000,0x0000000084802000,0x0000000089b00000)
 Metaspace       used 9612K, capacity 10014K, committed 10240K, reserved 1058816K
  class space    used 1420K, capacity 1461K, committed 1536K, reserved 1048576K
Event: 0,794 GC heap after
Heap after GC invocations=2 (full 0):
 PSYoungGen      total 68608K, used 3942K [0x00000000d6d80000, 0x00000000db580000, 0x0000000100000000)
  eden space 63488K, 0% used [0x00000000d6d80000,0x00000000d6d80000,0x00000000dab80000)
  from space 5120K, 76% used [0x00000000db080000,0x00000000db459828,0x00000000db580000)
  to   space 5120K, 0% used [0x00000000dab80000,0x00000000dab80000,0x00000000db080000)
 ParOldGen       total 84992K, used 16K [0x0000000084800000, 0x0000000089b00000, 0x00000000d6d80000)
  object space 84992K, 0% used [0x0000000084800000,0x0000000084804000,0x0000000089b00000)
 Metaspace       used 9612K, capacity 10014K, committed 10240K, reserved 1058816K
  class space    used 1420K, capacity 1461K, committed 1536K, reserved 1048576K
}
Event: 1,767 GC heap before
{Heap before GC invocations=3 (full 0):
 PSYoungGen      total 68608K, used 67430K [0x00000000d6d80000, 0x00000000db580000, 0x0000000100000000)
  eden space 63488K, 100% used [0x00000000d6d80000,0x00000000dab80000,0x00000000dab80000)
  from space 5120K, 76% used [0x00000000db080000,0x00000000db459828,0x00000000db580000)
  to   space 5120K, 0% used [0x00000000dab80000,0x00000000dab80000,0x00000000db080000)
 ParOldGen       total 84992K, used 16K [0x0000000084800000, 0x0000000089b00000, 0x00000000d6d80000)
  object space 84992K, 0% used [0x0000000084800000,0x0000000084804000,0x0000000089b00000)
 Metaspace       used 19565K, capacity 19694K, committed 19840K, reserved 1067008K
  class space    used 2662K, capacity 2677K, committed 2688K, reserved 1048576K
Event: 1,776 GC heap after
Heap after GC invocations=3 (full 0):
 PSYoungGen      total 68608K, used 5116K [0x00000000d6d80000, 0x00000000df380000, 0x0000000100000000)
  eden space 63488K, 0% used [0x00000000d6d80000,0x00000000d6d80000,0x00000000dab80000)
  from space 5120K, 99% used [0x00000000dab80000,0x00000000db07f298,0x00000000db080000)
  to   space 5120K, 0% used [0x00000000dee80000,0x00000000dee80000,0x00000000df380000)
 ParOldGen       total 84992K, used 3926K [0x0000000084800000, 0x0000000089b00000, 0x00000000d6d80000)
  object space 84992K, 4% used [0x0000000084800000,0x0000000084bd5950,0x0000000089b00000)
 Metaspace       used 19565K, capacity 19694K, committed 19840K, reserved 1067008K
  class space    used 2662K, capacity 2677K, committed 2688K, reserved 1048576K
}
Event: 1,899 GC heap before
{Heap before GC invocations=4 (full 0):
 PSYoungGen      total 68608K, used 18357K [0x00000000d6d80000, 0x00000000df380000, 0x0000000100000000)
  eden space 63488K, 20% used [0x00000000d6d80000,0x00000000d7a6e360,0x00000000dab80000)
  from space 5120K, 99% used [0x00000000dab80000,0x00000000db07f298,0x00000000db080000)
  to   space 5120K, 0% used [0x00000000dee80000,0x00000000dee80000,0x00000000df380000)
 ParOldGen       total 84992K, used 3926K [0x0000000084800000, 0x0000000089b00000, 0x00000000d6d80000)
  object space 84992K, 4% used [0x0000000084800000,0x0000000084bd5950,0x0000000089b00000)
 Metaspace       used 21089K, capacity 21198K, committed 21296K, reserved 1067008K
  class space    used 2845K, capacity 2901K, committed 2944K, reserved 1048576K
Event: 1,907 GC heap after
Heap after GC invocations=4 (full 0):
 PSYoungGen      total 132096K, used 5030K [0x00000000d6d80000, 0x00000000df380000, 0x0000000100000000)
  eden space 126976K, 0% used [0x00000000d6d80000,0x00000000d6d80000,0x00000000de980000)
  from space 5120K, 98% used [0x00000000dee80000,0x00000000df369870,0x00000000df380000)
  to   space 5120K, 0% used [0x00000000de980000,0x00000000de980000,0x00000000dee80000)
 ParOldGen       total 84992K, used 3934K [0x0000000084800000, 0x0000000089b00000, 0x00000000d6d80000)
  object space 84992K, 4% used [0x0000000084800000,0x0000000084bd7950,0x0000000089b00000)
 Metaspace       used 21089K, capacity 21198K, committed 21296K, reserved 1067008K
  class space    used 2845K, capacity 2901K, committed 2944K, reserved 1048576K
}
Event: 1,907 GC heap before
{Heap before GC invocations=5 (full 1):
 PSYoungGen      total 132096K, used 5030K [0x00000000d6d80000, 0x00000000df380000, 0x0000000100000000)
  eden space 126976K, 0% used [0x00000000d6d80000,0x00000000d6d80000,0x00000000de980000)
  from space 5120K, 98% used [0x00000000dee80000,0x00000000df369870,0x00000000df380000)
  to   space 5120K, 0% used [0x00000000de980000,0x00000000de980000,0x00000000dee80000)
 ParOldGen       total 84992K, used 3934K [0x0000000084800000, 0x0000000089b00000, 0x00000000d6d80000)
  object space 84992K, 4% used [0x0000000084800000,0x0000000084bd7950,0x0000000089b00000)
 Metaspace       used 21089K, capacity 21198K, committed 21296K, reserved 1067008K
  class space    used 2845K, capacity 2901K, committed 2944K, reserved 1048576K
Event: 1,935 GC heap after
Heap after GC invocations=5 (full 1):
 PSYoungGen      total 132096K, used 0K [0x00000000d6d80000, 0x00000000df380000, 0x0000000100000000)
  eden space 126976K, 0% used [0x00000000d6d80000,0x00000000d6d80000,0x00000000de980000)
  from space 5120K, 0% used [0x00000000dee80000,0x00000000dee80000,0x00000000df380000)
  to   space 5120K, 0% used [0x00000000de980000,0x00000000de980000,0x00000000dee80000)
 ParOldGen       total 53760K, used 5359K [0x0000000084800000, 0x0000000087c80000, 0x00000000d6d80000)
  object space 53760K, 9% used [0x0000000084800000,0x0000000084d3bff0,0x0000000087c80000)
 Metaspace       used 21089K, capacity 21198K, committed 21296K, reserved 1067008K
  class space    used 2845K, capacity 2901K, committed 2944K, reserved 1048576K
}
Event: 5,851 GC heap before
{Heap before GC invocations=6 (full 1):
 PSYoungGen      total 132096K, used 126976K [0x00000000d6d80000, 0x00000000df380000, 0x0000000100000000)
  eden space 126976K, 100% used [0x00000000d6d80000,0x00000000de980000,0x00000000de980000)
  from space 5120K, 0% used [0x00000000dee80000,0x00000000dee80000,0x00000000df380000)
  to   space 5120K, 0% used [0x00000000de980000,0x00000000de980000,0x00000000dee80000)
 ParOldGen       total 53760K, used 5359K [0x0000000084800000, 0x0000000087c80000, 0x00000000d6d80000)
  object space 53760K, 9% used [0x0000000084800000,0x0000000084d3bff0,0x0000000087c80000)
 Metaspace       used 31043K, capacity 31174K, committed 31360K, reserved 1077248K
  class space    used 4358K, capacity 4409K, committed 4480K, reserved 1048576K

